Vivado Simulator 2019.2
Time resolution is 1 ps
test1 xxxxxxxxxxxxxxxxxxxxxxxxxxxxxxxx          01
test1 00000000000000000000000000000000          01
'{8'bxxxxxxxx,8'bxxxxxxxx,8'bxxxxxxxx,8'bxxxxxxxx,8'bxxxxxxxx,8'bxxxxxxxx,8'bxxxxxxxx,8'bxxxxxxxx,8'bxxxxxxxx,8'bxxxxxxxx,8'bxxxxxxxx,8'bxxxxxxxx,8'bxxxxxxxx,8'bxxxxxxxx,8'bxxxxxxxx,8'bxxxxxxxx,8'bxxxxxxxx,8'bxxxxxxxx,8'bxxxxxxxx,8'bxxxxxxxx,8'bxxxxxxxx,8'bxxxxxxxx,8'bxxxxxxxx,8'bxxxxxxxx,8'bxxxxxxxx,8'bxxxxxxxx,8'bxxxxxxxx,8'bxxxxxxxx,8'bxxxxxxxx,8'bxxxxxxxx,8'bxxxxxxxx,8'bxxxxxxxx}
test1 00000000000000000000000000000001          11
'{8'bxxxxxxx0,8'bxxxxxxx0,8'bxxxxxxx0,8'bxxxxxxx0,8'bxxxxxxx0,8'bxxxxxxx0,8'bxxxxxxx0,8'bxxxxxxx0,8'bxxxxxxx0,8'bxxxxxxx0,8'bxxxxxxx0,8'bxxxxxxx0,8'bxxxxxxx0,8'bxxxxxxx0,8'bxxxxxxx0,8'bxxxxxxx0,8'bxxxxxxx0,8'bxxxxxxx0,8'bxxxxxxx0,8'bxxxxxxx0,8'bxxxxxxx0,8'bxxxxxxx0,8'bxxxxxxx0,8'bxxxxxxx0,8'bxxxxxxx0,8'bxxxxxxx0,8'bxxxxxxx0,8'bxxxxxxx0,8'bxxxxxxx0,8'bxxxxxxx0,8'bxxxxxxx0,8'bxxxxxxx0}
test1 00000000000000000000000000000010          21
'{8'bxxxxxx00,8'bxxxxxx00,8'bxxxxxx00,8'bxxxxxx00,8'bxxxxxx00,8'bxxxxxx00,8'bxxxxxx00,8'bxxxxxx00,8'bxxxxxx00,8'bxxxxxx00,8'bxxxxxx00,8'bxxxxxx00,8'bxxxxxx00,8'bxxxxxx00,8'bxxxxxx00,8'bxxxxxx00,8'bxxxxxx00,8'bxxxxxx00,8'bxxxxxx00,8'bxxxxxx00,8'bxxxxxx00,8'bxxxxxx00,8'bxxxxxx00,8'bxxxxxx00,8'bxxxxxx00,8'bxxxxxx00,8'bxxxxxx00,8'bxxxxxx00,8'bxxxxxx00,8'bxxxxxx00,8'bxxxxxx00,8'bxxxxxx10}
test1 00000000000000000000000000000011          31
'{8'bxxxxx000,8'bxxxxx000,8'bxxxxx000,8'bxxxxx000,8'bxxxxx000,8'bxxxxx000,8'bxxxxx000,8'bxxxxx000,8'bxxxxx000,8'bxxxxx000,8'bxxxxx000,8'bxxxxx000,8'bxxxxx000,8'bxxxxx000,8'bxxxxx000,8'bxxxxx000,8'bxxxxx000,8'bxxxxx000,8'bxxxxx000,8'bxxxxx000,8'bxxxxx000,8'bxxxxx000,8'bxxxxx000,8'bxxxxx000,8'bxxxxx000,8'bxxxxx000,8'bxxxxx000,8'bxxxxx000,8'bxxxxx000,8'bxxxxx000,8'bxxxxx100,8'bxxxxx010}
test1 00000000000000000000000000000100          41
'{8'bxxxx0000,8'bxxxx0000,8'bxxxx0000,8'bxxxx0000,8'bxxxx0000,8'bxxxx0000,8'bxxxx0000,8'bxxxx0000,8'bxxxx0000,8'bxxxx0000,8'bxxxx0000,8'bxxxx0000,8'bxxxx0000,8'bxxxx0000,8'bxxxx0000,8'bxxxx0000,8'bxxxx0000,8'bxxxx0000,8'bxxxx0000,8'bxxxx0000,8'bxxxx0000,8'bxxxx0000,8'bxxxx0000,8'bxxxx0000,8'bxxxx0000,8'bxxxx0000,8'bxxxx0000,8'bxxxx0000,8'bxxxx0000,8'bxxxx0000,8'bxxxx1100,8'bxxxx1010}
test1 00000000000000000000000000000101          51
'{8'bxxx00000,8'bxxx00000,8'bxxx00000,8'bxxx00000,8'bxxx00000,8'bxxx00000,8'bxxx00000,8'bxxx00000,8'bxxx00000,8'bxxx00000,8'bxxx00000,8'bxxx00000,8'bxxx00000,8'bxxx00000,8'bxxx00000,8'bxxx00000,8'bxxx00000,8'bxxx00000,8'bxxx00000,8'bxxx00000,8'bxxx00000,8'bxxx00000,8'bxxx00000,8'bxxx00000,8'bxxx00000,8'bxxx00000,8'bxxx00000,8'bxxx00000,8'bxxx00000,8'bxxx10000,8'bxxx01100,8'bxxx01010}
test1 00000000000000000000000000000110          61
'{8'bxx000000,8'bxx000000,8'bxx000000,8'bxx000000,8'bxx000000,8'bxx000000,8'bxx000000,8'bxx000000,8'bxx000000,8'bxx000000,8'bxx000000,8'bxx000000,8'bxx000000,8'bxx000000,8'bxx000000,8'bxx000000,8'bxx000000,8'bxx000000,8'bxx000000,8'bxx000000,8'bxx000000,8'bxx000000,8'bxx000000,8'bxx000000,8'bxx000000,8'bxx000000,8'bxx000000,8'bxx000000,8'bxx000000,8'bxx110000,8'bxx001100,8'bxx101010}
test1 00000000000000000000000000000111          71
'{8'bx0000000,8'bx0000000,8'bx0000000,8'bx0000000,8'bx0000000,8'bx0000000,8'bx0000000,8'bx0000000,8'bx0000000,8'bx0000000,8'bx0000000,8'bx0000000,8'bx0000000,8'bx0000000,8'bx0000000,8'bx0000000,8'bx0000000,8'bx0000000,8'bx0000000,8'bx0000000,8'bx0000000,8'bx0000000,8'bx0000000,8'bx0000000,8'bx0000000,8'bx0000000,8'bx0000000,8'bx0000000,8'bx0000000,8'bx1110000,8'bx1001100,8'bx0101010}
test1 00000000000000000000000000001000          81
test1 00000000000000000000000000001001          01
'{0,0,0,0,0,0,0,0,0,0,0,0,0,0,0,0,0,0,0,0,0,0,0,0,0,0,0,0,0,240,204,170}
test1 00000000000000000000000000001010          11
'{0,0,0,0,0,0,0,0,0,0,0,0,0,0,0,0,0,0,0,0,0,0,0,0,0,0,0,0,1,240,204,171}
test1 00000000000000000000000000001011          21
'{0,0,0,0,0,0,0,0,0,0,0,0,0,0,0,0,0,0,0,0,0,0,0,0,0,0,0,0,3,240,206,169}
test1 00000000000000000000000000001100          31
'{0,0,0,0,0,0,0,0,0,0,0,0,0,0,0,0,0,0,0,0,0,0,0,0,0,0,0,0,7,240,206,173}
test1 00000000000000000000000000001101          41
'{0,0,0,0,0,0,0,0,0,0,0,0,0,0,0,0,0,0,0,0,0,0,0,0,0,0,0,0,15,248,198,165}
test1 00000000000000000000000000001110          51
'{0,0,0,0,0,0,0,0,0,0,0,0,0,0,0,0,0,0,0,0,0,0,0,0,0,0,0,0,31,248,198,181}
test1 00000000000000000000000000001111          61
'{0,0,0,0,0,0,0,0,0,0,0,0,0,0,0,0,0,0,0,0,0,0,0,0,0,0,0,0,63,248,230,149}
test1 00000000000000000000000000010000          71
'{0,0,0,0,0,0,0,0,0,0,0,0,0,0,0,0,0,0,0,0,0,0,0,0,0,0,0,0,127,248,230,213}
test1 00000000000000000000000000010001          81
test1 00000000000000000000000000010010          01
'{0,0,0,0,0,0,0,0,0,0,0,0,0,0,0,0,0,0,0,0,0,0,0,0,0,0,0,128,127,120,102,85}
test1 00000000000000000000000000010011          11
'{0,0,0,0,0,0,0,0,0,0,0,0,0,0,0,0,0,0,0,0,0,0,0,0,0,0,0,129,126,120,103,84}
test1 00000000000000000000000000010100          21
'{0,0,0,0,0,0,0,0,0,0,0,0,0,0,0,0,0,0,0,0,0,0,0,0,0,0,0,131,124,120,103,86}
test1 00000000000000000000000000010101          31
'{0,0,0,0,0,0,0,0,0,0,0,0,0,0,0,0,0,0,0,0,0,0,0,0,0,0,0,135,120,124,99,82}
test1 00000000000000000000000000010110          41
'{0,0,0,0,0,0,0,0,0,0,0,0,0,0,0,0,0,0,0,0,0,0,0,0,0,0,0,143,112,124,99,90}
test1 00000000000000000000000000010111          51
'{0,0,0,0,0,0,0,0,0,0,0,0,0,0,0,0,0,0,0,0,0,0,0,0,0,0,0,159,96,124,115,74}
